Using pre-set license
Built from '2020.2/release' branch; Version is '2020.2.1f1 (270dd8c3da1c) revision 2559448'; Using compiler version '192528614'; Build Type 'Release'
OS: 'Windows 10  (10.0.0) 64bit' Language: 'en' Physical Memory: 7930 MB
BatchMode: 1, IsHumanControllingUs: 0, StartBugReporterOnCrash: 0, Is64bit: 1, IsPro: 0

 COMMAND LINE ARGUMENTS:
C:\Program Files\Unity\Hub\Editor\2020.2.1f1\Editor\Unity.exe
-adb2
-batchMode
-noUpm
-name
AssetImportWorker0
-projectPath
C:/Users/johnj/Desktop/Coding/Personal/Jackseb FPS
-logFile
Logs/AssetImportWorker0.log
-srvPort
56056
Successfully changed project path to: C:/Users/johnj/Desktop/Coding/Personal/Jackseb FPS
C:/Users/johnj/Desktop/Coding/Personal/Jackseb FPS
Using Asset Import Pipeline V2.
Refreshing native plugins compatible for Editor in 26.28 ms, found 0 plugins.
Preloading 0 native plugins for Editor in 0.00 ms.
Initialize engine version: 2020.2.1f1 (270dd8c3da1c)
[Subsystems] Discovering subsystems at path C:/Program Files/Unity/Hub/Editor/2020.2.1f1/Editor/Data/Resources/UnitySubsystems
[Subsystems] Discovering subsystems at path C:/Users/johnj/Desktop/Coding/Personal/Jackseb FPS/Assets
GfxDevice: creating device client; threaded=0
Direct3D:
    Version:  Direct3D 11.0 [level 11.1]
    Renderer: NVIDIA GeForce RTX 3050 Ti Laptop GPU (ID=0x25a0)
    Vendor:   
    VRAM:     3990 MB
    Driver:   27.21.14.6242
Initialize mono
Mono path[0] = 'C:/Program Files/Unity/Hub/Editor/2020.2.1f1/Editor/Data/Managed'
Mono path[1] = 'C:/Program Files/Unity/Hub/Editor/2020.2.1f1/Editor/Data/MonoBleedingEdge/lib/mono/unityjit'
Mono config path = 'C:/Program Files/Unity/Hub/Editor/2020.2.1f1/Editor/Data/MonoBleedingEdge/etc'
Using monoOptions --debugger-agent=transport=dt_socket,embedding=1,server=y,suspend=n,address=127.0.0.1:56056
Begin MonoManager ReloadAssembly
Registering precompiled unity dll's ...
Register platform support module: C:/Program Files/Unity/Hub/Editor/2020.2.1f1/Editor/Data/PlaybackEngines/WindowsStandaloneSupport/UnityEditor.WindowsStandalone.Extensions.dll
Registered in 0.001221 seconds.
Native extension for WindowsStandalone target not found
Refreshing native plugins compatible for Editor in 23.53 ms, found 0 plugins.
Preloading 0 native plugins for Editor in 0.00 ms.
Invoked RoslynAnalysisRunner static constructor.
RoslynAnalysisRunner will not be running.
RoslynAnalysisRunner has terminated.
Mono: successfully reloaded assembly
- Completed reload, in  1.515 seconds
Platform modules already initialized, skipping
Registering precompiled user dll's ...
Registered in 0.001608 seconds.
Begin MonoManager ReloadAssembly
Native extension for WindowsStandalone target not found
Refreshing native plugins compatible for Editor in 0.28 ms, found 0 plugins.
Preloading 0 native plugins for Editor in 0.00 ms.
Invoked RoslynAnalysisRunner static constructor.
RoslynAnalysisRunner will not be running.
RoslynAnalysisRunner has terminated.
Mono: successfully reloaded assembly
- Completed reload, in  0.595 seconds
Platform modules already initialized, skipping
========================================================================
Worker process is ready to serve import requests
Launched and connected shader compiler UnityShaderCompiler.exe after 0.03 seconds
Refreshing native plugins compatible for Editor in 0.32 ms, found 0 plugins.
Preloading 0 native plugins for Editor in 0.00 ms.
Unloading 1429 Unused Serialized files (Serialized files now loaded: 0)
System memory in use before: 72.9 MB.
System memory in use after: 73.0 MB.

Unloading 14 unused Assets to reduce memory usage. Loaded Objects now: 1866.
Total: 2.289600 ms (FindLiveObjects: 0.421100 ms CreateObjectMapping: 0.139900 ms MarkObjects: 1.635000 ms  DeleteObjects: 0.091500 ms)

========================================================================
Received Import Request.
  path: Assets/Scripts
  artifactKey: Guid(bcb121eeb85a30f4ba8be2f5a36e847b) Importer(815301076,1909f56bfc062723c751e8b465ee728b)
Start importing Assets/Scripts using Guid(bcb121eeb85a30f4ba8be2f5a36e847b) Importer(815301076,1909f56bfc062723c751e8b465ee728b)  -> (artifact id: 'c4b53aa9cca506700a7326d6fceb38c5') in 0.010281 seconds
  Import took 0.013117 seconds .

========================================================================
Received Import Request.
  Time since last request: 3.486622 seconds.
  path: Assets/Scenes
  artifactKey: Guid(8e0879859ccfa03468c7a36005bfbd39) Importer(815301076,1909f56bfc062723c751e8b465ee728b)
Start importing Assets/Scenes using Guid(8e0879859ccfa03468c7a36005bfbd39) Importer(815301076,1909f56bfc062723c751e8b465ee728b)  -> (artifact id: '619ed9b98d08efe384ab788b1f11c53f') in 0.005678 seconds
  Import took 0.008818 seconds .

========================================================================
Received Import Request.
  Time since last request: 0.851963 seconds.
  path: Assets/Scenes/Menu.unity
  artifactKey: Guid(9fd612135a6b5b44cb3a3350343c9df3) Importer(815301076,1909f56bfc062723c751e8b465ee728b)
Start importing Assets/Scenes/Menu.unity using Guid(9fd612135a6b5b44cb3a3350343c9df3) Importer(815301076,1909f56bfc062723c751e8b465ee728b)  -> (artifact id: '76a816bf48c7d7cce6770e476f7a5946') in 0.011440 seconds
  Import took 0.013990 seconds .

========================================================================
Received Import Request.
  Time since last request: 3.929340 seconds.
  path: Assets/Scenes/Test1.unity
  artifactKey: Guid(9fc0d4010bbf28b4594072e72b8655ab) Importer(815301076,1909f56bfc062723c751e8b465ee728b)
Start importing Assets/Scenes/Test1.unity using Guid(9fc0d4010bbf28b4594072e72b8655ab) Importer(815301076,1909f56bfc062723c751e8b465ee728b)  -> (artifact id: '4c71159ab6a7fc4dfaf8d8f906ec10ec') in 0.006977 seconds
  Import took 0.009817 seconds .

========================================================================
Received Import Request.
  Time since last request: 0.000954 seconds.
  path: Assets/Scenes/Test1.unity
  artifactKey: Guid(9fc0d4010bbf28b4594072e72b8655ab) Importer(815301076,1909f56bfc062723c751e8b465ee728b)
Start importing Assets/Scenes/Test1.unity using Guid(9fc0d4010bbf28b4594072e72b8655ab) Importer(815301076,1909f56bfc062723c751e8b465ee728b)  -> (artifact id: '4c71159ab6a7fc4dfaf8d8f906ec10ec') in 0.003032 seconds
  Import took 0.006066 seconds .

========================================================================
Received Import Request.
  Time since last request: 5.453757 seconds.
  path: Assets/Scripts/Scriptable Object Generators
  artifactKey: Guid(4820daf888fcfe74ea0043d7ff33093b) Importer(815301076,1909f56bfc062723c751e8b465ee728b)
Start importing Assets/Scripts/Scriptable Object Generators using Guid(4820daf888fcfe74ea0043d7ff33093b) Importer(815301076,1909f56bfc062723c751e8b465ee728b)  -> (artifact id: '2ee4b9168bc4518272bc7ca58d3f7b24') in 0.006607 seconds
  Import took 0.009642 seconds .

========================================================================
Received Import Request.
  Time since last request: 1.456975 seconds.
  path: Assets/Scripts/Player.cs
  artifactKey: Guid(479b8be530fed5242b66f64614e4f4d8) Importer(815301076,1909f56bfc062723c751e8b465ee728b)
Start importing Assets/Scripts/Player.cs using Guid(479b8be530fed5242b66f64614e4f4d8) Importer(815301076,1909f56bfc062723c751e8b465ee728b)  -> (artifact id: '3493b1b626aab72497f02079771b0453') in 0.015622 seconds
  Import took 0.018088 seconds .

========================================================================
Received Import Request.
  Time since last request: 0.025436 seconds.
  path: Assets/Scripts/Player.cs
  artifactKey: Guid(479b8be530fed5242b66f64614e4f4d8) Importer(815301076,1909f56bfc062723c751e8b465ee728b)
Start importing Assets/Scripts/Player.cs using Guid(479b8be530fed5242b66f64614e4f4d8) Importer(815301076,1909f56bfc062723c751e8b465ee728b)  -> (artifact id: '3493b1b626aab72497f02079771b0453') in 0.001872 seconds
  Import took 0.004075 seconds .

========================================================================
Received Import Request.
  Time since last request: 40.085759 seconds.
  path: Assets/Resources
  artifactKey: Guid(3838e6b1a03ce194eb3856b6ed375655) Importer(815301076,1909f56bfc062723c751e8b465ee728b)
Start importing Assets/Resources using Guid(3838e6b1a03ce194eb3856b6ed375655) Importer(815301076,1909f56bfc062723c751e8b465ee728b)  -> (artifact id: 'e0bcbceaa4f5e864988d8dae03640f4d') in 0.006443 seconds
  Import took 0.009727 seconds .

========================================================================
Received Import Request.
  Time since last request: 0.031054 seconds.
  path: Assets/Resources/Player.prefab
  artifactKey: Guid(ad713855997d2bc49a11e190bf730d67) Importer(815301076,1909f56bfc062723c751e8b465ee728b)
Start importing Assets/Resources/Player.prefab using Guid(ad713855997d2bc49a11e190bf730d67) Importer(815301076,1909f56bfc062723c751e8b465ee728b)  -> (artifact id: '389d06407aba9b58f1b79d7d2dc793fd') in 0.362482 seconds
  Import took 0.367633 seconds .

AssetImportWorkerClient::OnTransportError - code=2 error=End of file
